0 info it worked if it ends with ok
1 verbose cli [ 'node', '/usr/local/bin/npm', 'install', '-g', 's3_website' ]
2 info using npm@1.2.14
3 info using node@v0.10.0
4 verbose read json /usr/local/lib/package.json
5 verbose read json /usr/local/lib/package.json
6 verbose cache add [ 's3_website', null ]
7 verbose cache add name=undefined spec="s3_website" args=["s3_website",null]
8 verbose parsed url { protocol: null,
8 verbose parsed url   slashes: null,
8 verbose parsed url   auth: null,
8 verbose parsed url   host: null,
8 verbose parsed url   port: null,
8 verbose parsed url   hostname: null,
8 verbose parsed url   hash: null,
8 verbose parsed url   search: null,
8 verbose parsed url   query: null,
8 verbose parsed url   pathname: 's3_website',
8 verbose parsed url   path: 's3_website',
8 verbose parsed url   href: 's3_website' }
9 silly lockFile 43b27d1f-s3-website s3_website
10 verbose lock s3_website /Users/Michal/.npm/43b27d1f-s3-website.lock
11 silly lockFile 43b27d1f-s3-website s3_website
12 silly lockFile 43b27d1f-s3-website s3_website
13 verbose addNamed [ 's3_website', '' ]
14 verbose addNamed [ null, '' ]
15 silly lockFile e52f7743-s3-website s3_website@
16 verbose lock s3_website@ /Users/Michal/.npm/e52f7743-s3-website.lock
17 silly addNameRange { name: 's3_website', range: '', hasData: false }
18 verbose url raw s3_website
19 verbose url resolving [ 'https://registry.npmjs.org/', './s3_website' ]
20 verbose url resolved https://registry.npmjs.org/s3_website
21 info trying registry request attempt 1 at 19:20:38
22 http GET https://registry.npmjs.org/s3_website
23 http 404 https://registry.npmjs.org/s3_website
24 silly registry.get cb [ 404,
24 silly registry.get   { server: 'CouchDB/1.3.0 (Erlang OTP/R15B03)',
24 silly registry.get     date: 'Wed, 14 Aug 2013 18:20:49 GMT',
24 silly registry.get     'content-type': 'application/json',
24 silly registry.get     'content-length': '52',
24 silly registry.get     'cache-control': 'must-revalidate' } ]
25 silly lockFile e52f7743-s3-website s3_website@
26 silly lockFile e52f7743-s3-website s3_website@
27 error 404 's3_website' is not in the npm registry.
27 error 404 You should bug the author to publish it
27 error 404
27 error 404 Note that you can also install from a
27 error 404 tarball, folder, or http url, or git url.
28 error System Darwin 12.3.0
29 error command "node" "/usr/local/bin/npm" "install" "-g" "s3_website"
30 error cwd /Users/Michal/intelligentgolf/Blog/site2/root2
31 error node -v v0.10.0
32 error npm -v 1.2.14
33 error code E404
34 verbose exit [ 1, true ]
